<?xml version="1.0" encoding="UTF-8"?>
<testng-results skipped="0" failed="0" ignored="0" total="2" passed="2">
  <reporter-output>
  </reporter-output>
  <suite name="Default suite" duration-ms="31" started-at="2017-02-07T13:37:48Z" finished-at="2017-02-07T13:37:48Z">
    <groups>
    </groups>
    <test name="Default test" duration-ms="31" started-at="2017-02-07T13:37:48Z" finished-at="2017-02-07T13:37:48Z">
      <class name="Annotation_ex1">
        <test-method status="PASS" signature="beforeSuite()[pri:0, instance:Annotation_ex1@192b07fd]" name="beforeSuite" is-config="true" duration-ms="0" started-at="2017-02-07T19:07:48Z" finished-at="2017-02-07T19:07:48Z">
          <reporter-output>
          </reporter-output>
        </test-method> <!-- beforeSuite -->
        <test-method status="PASS" signature="beforeTest()[pri:0, instance:Annotation_ex1@192b07fd]" name="beforeTest" is-config="true" duration-ms="0" started-at="2017-02-07T19:07:48Z" finished-at="2017-02-07T19:07:48Z">
          <reporter-output>
          </reporter-output>
        </test-method> <!-- beforeTest -->
        <test-method status="PASS" signature="testCase1()[pri:0, instance:Annotation_ex1@192b07fd]" name="testCase1" duration-ms="16" started-at="2017-02-07T19:07:48Z" finished-at="2017-02-07T19:07:48Z">
          <reporter-output>
          </reporter-output>
        </test-method> <!-- testCase1 -->
        <test-method status="PASS" signature="beforeMethod()[pri:0, instance:Annotation_ex1@192b07fd]" name="beforeMethod" is-config="true" duration-ms="0" started-at="2017-02-07T19:07:48Z" finished-at="2017-02-07T19:07:48Z">
          <reporter-output>
          </reporter-output>
        </test-method> <!-- beforeMethod -->
        <test-method status="PASS" signature="beforeClass()[pri:0, instance:Annotation_ex1@192b07fd]" name="beforeClass" is-config="true" duration-ms="0" started-at="2017-02-07T19:07:48Z" finished-at="2017-02-07T19:07:48Z">
          <reporter-output>
          </reporter-output>
        </test-method> <!-- beforeClass -->
        <test-method status="PASS" signature="afterTest()[pri:0, instance:Annotation_ex1@192b07fd]" name="afterTest" is-config="true" duration-ms="0" started-at="2017-02-07T19:07:48Z" finished-at="2017-02-07T19:07:48Z">
          <reporter-output>
          </reporter-output>
        </test-method> <!-- afterTest -->
        <test-method status="PASS" signature="afterMethod()[pri:0, instance:Annotation_ex1@192b07fd]" name="afterMethod" is-config="true" duration-ms="0" started-at="2017-02-07T19:07:48Z" finished-at="2017-02-07T19:07:48Z">
          <reporter-output>
          </reporter-output>
        </test-method> <!-- afterMethod -->
        <test-method status="PASS" signature="testCase2()[pri:0, instance:Annotation_ex1@192b07fd]" name="testCase2" duration-ms="0" started-at="2017-02-07T19:07:48Z" finished-at="2017-02-07T19:07:48Z">
          <reporter-output>
          </reporter-output>
        </test-method> <!-- testCase2 -->
        <test-method status="PASS" signature="afterClass()[pri:0, instance:Annotation_ex1@192b07fd]" name="afterClass" is-config="true" duration-ms="0" started-at="2017-02-07T19:07:48Z" finished-at="2017-02-07T19:07:48Z">
          <reporter-output>
          </reporter-output>
        </test-method> <!-- afterClass -->
        <test-method status="PASS" signature="beforeMethod()[pri:0, instance:Annotation_ex1@192b07fd]" name="beforeMethod" is-config="true" duration-ms="0" started-at="2017-02-07T19:07:48Z" finished-at="2017-02-07T19:07:48Z">
          <reporter-output>
          </reporter-output>
        </test-method> <!-- beforeMethod -->
        <test-method status="PASS" signature="afterMethod()[pri:0, instance:Annotation_ex1@192b07fd]" name="afterMethod" is-config="true" duration-ms="0" started-at="2017-02-07T19:07:48Z" finished-at="2017-02-07T19:07:48Z">
          <reporter-output>
          </reporter-output>
        </test-method> <!-- afterMethod -->
        <test-method status="PASS" signature="afterSuite()[pri:0, instance:Annotation_ex1@192b07fd]" name="afterSuite" is-config="true" duration-ms="0" started-at="2017-02-07T19:07:48Z" finished-at="2017-02-07T19:07:48Z">
          <reporter-output>
          </reporter-output>
        </test-method> <!-- afterSuite -->
      </class> <!-- Annotation_ex1 -->
    </test> <!-- Default test -->
  </suite> <!-- Default suite -->
</testng-results>
